[main f333bec] Auto-update charts
 Committer: kidintheflannel <kidintheflannel@penguin>
Your name and email address were configured automatically based
on your username and hostname. Please check that they are accurate.
You can suppress this message by setting them explicitly:

    git config --global user.name "Your Name"
    git config --global user.email you@example.com

After doing this, you may fix the identity used for this commit with:

    git commit --amend --reset-author

 112 files changed, 51 insertions(+), 33 deletions(-)
 create mode 100644 git.log
 create mode 100644 userdata/Default/Cache/Cache_Data/03a039cca374cc02_0
 create mode 100644 userdata/Default/Cache/Cache_Data/575baf68ef9e7aa3_0
 create mode 100644 userdata/Default/Cache/Cache_Data/5d13d439c423a524_0
 create mode 100644 userdata/Default/Cache/Cache_Data/db473b4ec2d88746_0
 create mode 100644 userdata/Default/Cache/Cache_Data/e231eb3fc30b91c6_0
 create mode 100644 userdata/Default/Cache/Cache_Data/e61e0e7e25af61b5_0
 create mode 100644 userdata/Default/Cache/Cache_Data/f5432edeb2c5800c_0
 create mode 100644 userdata/Default/Cache/Cache_Data/f5b7a98f0ad205b1_0
 create mode 100644 userdata/Default/Cache/Cache_Data/f69838b21907ed9d_0
 create mode 100644 userdata/Default/Code Cache/js/ab8271863f41e468_0
To https://github.com/LitteringLemons/tradercharts-dashboard.git
   1ce6e76..f333bec  main -> main
[main ca3fa99] Auto-update charts
 Committer: kidintheflannel <kidintheflannel@penguin>
Your name and email address were configured automatically based
on your username and hostname. Please check that they are accurate.
You can suppress this message by setting them explicitly:

    git config --global user.name "Your Name"
    git config --global user.email you@example.com

After doing this, you may fix the identity used for this commit with:

    git commit --amend --reset-author

 112 files changed, 78 insertions(+), 30 deletions(-)
 create mode 100644 userdata/Default/Cache/Cache_Data/033db4fc85389596_0
 create mode 100644 userdata/Default/Cache/Cache_Data/09eb7aa594a18cb8_0
 create mode 100644 userdata/Default/Cache/Cache_Data/19228ac1656dc5f3_0
 create mode 100644 userdata/Default/Cache/Cache_Data/4f93811d234a146b_0
 create mode 100644 userdata/Default/Cache/Cache_Data/7f8a121860757997_0
 create mode 100644 userdata/Default/Cache/Cache_Data/d0d5222fe03ea192_0
 create mode 100644 userdata/Default/Cache/Cache_Data/d168ca8fbb8e520f_0
 create mode 100644 userdata/Default/Cache/Cache_Data/dacf5ea0a3995fc8_0
 create mode 100644 userdata/Default/Cache/Cache_Data/fc74f9e6d719c97f_0
To https://github.com/LitteringLemons/tradercharts-dashboard.git
   f333bec..ca3fa99  main -> main
[main 1b7ed59] Auto-update charts
 Committer: kidintheflannel <kidintheflannel@penguin>
Your name and email address were configured automatically based
on your username and hostname. Please check that they are accurate.
You can suppress this message by setting them explicitly:

    git config --global user.name "Your Name"
    git config --global user.email you@example.com

After doing this, you may fix the identity used for this commit with:

    git commit --amend --reset-author

 110 files changed, 76 insertions(+), 30 deletions(-)
 create mode 100644 userdata/Default/Cache/Cache_Data/12d7e25e88b9a68e_0
 create mode 100644 userdata/Default/Cache/Cache_Data/14a6c74dd004a175_0
 create mode 100644 userdata/Default/Cache/Cache_Data/17e2ccc0ae6f188b_0
 create mode 100644 userdata/Default/Cache/Cache_Data/195a389ffc1861d3_0
 create mode 100644 userdata/Default/Cache/Cache_Data/5816d6a96984a959_0
 create mode 100644 userdata/Default/Cache/Cache_Data/5c21f97cf005602d_0
 create mode 100644 userdata/Default/Cache/Cache_Data/636a5e4275a35ebd_0
 create mode 100644 userdata/Default/Cache/Cache_Data/669e1e160fba4804_0
 create mode 100644 userdata/Default/Cache/Cache_Data/801bec86d7f55dcc_0
 create mode 100644 userdata/Default/Cache/Cache_Data/8349576ab029dbf9_0
 create mode 100644 userdata/Default/Cache/Cache_Data/d20e904dd20c2831_0
 create mode 100644 userdata/Default/Cache/Cache_Data/dc0e1180be97df70_0
 create mode 100644 userdata/Default/Cache/Cache_Data/e6aa1d737254221e_0
 create mode 100644 userdata/Default/Code Cache/js/c03a7f024342df3a_0
To https://github.com/LitteringLemons/tradercharts-dashboard.git
   ca3fa99..1b7ed59  main -> main
[main 5f61fed] Auto-update charts
 Committer: kidintheflannel <kidintheflannel@penguin>
Your name and email address were configured automatically based
on your username and hostname. Please check that they are accurate.
You can suppress this message by setting them explicitly:

    git config --global user.name "Your Name"
    git config --global user.email you@example.com

After doing this, you may fix the identity used for this commit with:

    git commit --amend --reset-author

 112 files changed, 81 insertions(+), 30 deletions(-)
 create mode 100644 userdata/Default/Cache/Cache_Data/06e3f7a78fa8e2ca_0
 create mode 100644 userdata/Default/Cache/Cache_Data/0ec8ff090a01edbb_0
 create mode 100644 userdata/Default/Cache/Cache_Data/1723e42f34455fc7_0
 create mode 100644 userdata/Default/Cache/Cache_Data/343d87ad3d0d1438_0
 create mode 100644 userdata/Default/Cache/Cache_Data/93d56246f02987f1_0
 create mode 100644 userdata/Default/Cache/Cache_Data/9f3010571cae2427_0
 create mode 100644 userdata/Default/Cache/Cache_Data/a2cb910699f00c3f_0
 create mode 100644 userdata/Default/Cache/Cache_Data/a8bd460c151429d0_0
 create mode 100644 userdata/Default/Cache/Cache_Data/c2dabedb00b25529_0
 create mode 100644 userdata/Default/Code Cache/js/1d0eba51536eaebe_0
To https://github.com/LitteringLemons/tradercharts-dashboard.git
   1b7ed59..5f61fed  main -> main
